<?xml version="1.0" encoding="UTF-8"?>
<!-- Generated by org.testng.reporters.JUnitReportReporter -->
<testsuite hostname="LAPTOP-FT365J0R" failures="0" tests="2" name="POM_Model.TestExecution" time="18.605" errors="0" timestamp="28 Apr 2022 12:16:12 GMT">
  <testcase classname="POM_Model.TestExecution" name="verify_browser" time="4.639"/>
  <testcase classname="POM_Model.TestExecution" name="verify_Search" time="13.966"/>
</testsuite> <!-- POM_Model.TestExecution -->
